0 info it worked if it ends with ok
1 verbose cli [ '/usr/local/Cellar/node/6.2.0/bin/node',
1 verbose cli   '/Users/albanbailly/Documents/vagrant/seven/www/bearskin8pl/code/themes/bear_skin/node_modules/.bin/npm',
1 verbose cli   'run',
1 verbose cli   'rename-files' ]
2 info using npm@3.10.9
3 info using node@v6.2.0
4 verbose run-script [ 'prerename-files', 'rename-files', 'postrename-files' ]
5 info lifecycle bearskin8pl@8.0.0~prerename-files: bearskin8pl@8.0.0
6 silly lifecycle bearskin8pl@8.0.0~prerename-files: no script for prerename-files, continuing
7 info lifecycle bearskin8pl@8.0.0~rename-files: bearskin8pl@8.0.0
8 verbose lifecycle bearskin8pl@8.0.0~rename-files: unsafe-perm in lifecycle true
9 verbose lifecycle bearskin8pl@8.0.0~rename-files: PATH: /Users/albanbailly/Documents/vagrant/seven/www/bearskin8pl/code/themes/bear_skin/node_modules/npm/bin/node-gyp-bin:/Users/albanbailly/Documents/vagrant/seven/www/bearskin8pl/code/themes/bear_skin/node_modules/.bin:/usr/local/Cellar/node/6.2.0/bin:/Users/albanbailly/Documents/vagrant/seven/www/bearskin8pl/code/themes/bear_skin/node_modules/.bin:/Users/albanbailly/.rvm/gems/ruby-2.2.0/bin:/Users/albanbailly/.rvm/gems/ruby-2.2.0@global/bin:/Users/albanbailly/.rvm/rubies/ruby-2.2.0/bin:/Users/albanbailly/.node/bin:/Users/albanbailly/.rbenv/shims:/usr/local/share/npm/bin:/usr/local/share/npm/lib/node_modules/grunt-cli/bin:/usr/local/bin:/usr/bin:/bin:/usr/sbin:/sbin:/Users/albanbailly/.rvm/bin:/Applications/DevDesktop/drush
10 verbose lifecycle bearskin8pl@8.0.0~rename-files: CWD: /Users/albanbailly/Documents/vagrant/seven/www/bearskin8pl/code/themes/bear_skin
11 silly lifecycle bearskin8pl@8.0.0~rename-files: Args: [ '-c',
11 silly lifecycle   'cd node_modules/rename-files; npm run rename-files ./config/ \'bearskin8pl\' \'poop\' --verbose' ]
12 silly lifecycle bearskin8pl@8.0.0~rename-files: Returned: code: 1  signal: null
13 info lifecycle bearskin8pl@8.0.0~rename-files: Failed to exec rename-files script
14 verbose stack Error: bearskin8pl@8.0.0 rename-files: `cd node_modules/rename-files; npm run rename-files ./config/ 'bearskin8pl' 'poop' --verbose`
14 verbose stack Exit status 1
14 verbose stack     at EventEmitter.<anonymous> (/Users/albanbailly/Documents/vagrant/seven/www/bearskin8pl/code/themes/bear_skin/node_modules/npm/lib/utils/lifecycle.js:255:16)
14 verbose stack     at emitTwo (events.js:106:13)
14 verbose stack     at EventEmitter.emit (events.js:191:7)
14 verbose stack     at ChildProcess.<anonymous> (/Users/albanbailly/Documents/vagrant/seven/www/bearskin8pl/code/themes/bear_skin/node_modules/npm/lib/utils/spawn.js:40:14)
14 verbose stack     at emitTwo (events.js:106:13)
14 verbose stack     at ChildProcess.emit (events.js:191:7)
14 verbose stack     at maybeClose (internal/child_process.js:850:16)
14 verbose stack     at Process.ChildProcess._handle.onexit (internal/child_process.js:215:5)
15 verbose pkgid bearskin8pl@8.0.0
16 verbose cwd /Users/albanbailly/Documents/vagrant/seven/www/bearskin8pl/code/themes/bear_skin
17 error Darwin 16.1.0
18 error argv "/usr/local/Cellar/node/6.2.0/bin/node" "/Users/albanbailly/Documents/vagrant/seven/www/bearskin8pl/code/themes/bear_skin/node_modules/.bin/npm" "run" "rename-files"
19 error node v6.2.0
20 error npm  v3.10.9
21 error code ELIFECYCLE
22 error bearskin8pl@8.0.0 rename-files: `cd node_modules/rename-files; npm run rename-files ./config/ 'bearskin8pl' 'poop' --verbose`
22 error Exit status 1
23 error Failed at the bearskin8pl@8.0.0 rename-files script 'cd node_modules/rename-files; npm run rename-files ./config/ 'bearskin8pl' 'poop' --verbose'.
23 error Make sure you have the latest version of node.js and npm installed.
23 error If you do, this is most likely a problem with the bearskin8pl package,
23 error not with npm itself.
23 error Tell the author that this fails on your system:
23 error     cd node_modules/rename-files; npm run rename-files ./config/ 'bearskin8pl' 'poop' --verbose
23 error You can get information on how to open an issue for this project with:
23 error     npm bugs bearskin8pl
23 error Or if that isn't available, you can get their info via:
23 error     npm owner ls bearskin8pl
23 error There is likely additional logging output above.
24 verbose exit [ 1, true ]
